2022-06-22 10:06:55,060 [1] INFO Microsoft.Hosting.Lifetime - Application started. Press Ctrl+C to shut down.
2022-06-22 10:06:55,072 [1] INFO Microsoft.Hosting.Lifetime - Application started. Press Ctrl+C to shut down.
2022-06-22 10:06:55,077 [1] INFO Microsoft.Hosting.Lifetime - Hosting environment: Development
2022-06-22 10:06:55,077 [1] INFO Microsoft.Hosting.Lifetime - Hosting environment: Development
2022-06-22 10:06:55,079 [1] INFO Microsoft.Hosting.Lifetime - Content root path: D:\Retail-Product-Management-main\ProductMicroservices\ProductMicroservices
2022-06-22 10:06:55,079 [1] INFO Microsoft.Hosting.Lifetime - Content root path: D:\Retail-Product-Management-main\ProductMicroservices\ProductMicroservices
2022-06-22 12:09:48,971 [1] INFO Microsoft.Hosting.Lifetime - Application started. Press Ctrl+C to shut down.
2022-06-22 12:09:48,992 [1] INFO Microsoft.Hosting.Lifetime - Application started. Press Ctrl+C to shut down.
2022-06-22 12:09:48,996 [1] INFO Microsoft.Hosting.Lifetime - Hosting environment: Development
2022-06-22 12:09:48,996 [1] INFO Microsoft.Hosting.Lifetime - Hosting environment: Development
2022-06-22 12:09:49,000 [1] INFO Microsoft.Hosting.Lifetime - Content root path: D:\Retail-Product-Management-main\ProductMicroservices\ProductMicroservices
2022-06-22 12:09:49,001 [1] INFO Microsoft.Hosting.Lifetime - Content root path: D:\Retail-Product-Management-main\ProductMicroservices\ProductMicroservices
2022-06-22 12:12:57,865 [7] WARN Microsoft.AspNetCore.HttpsPolicy.HttpsRedirectionMiddleware - Failed to determine the https port for redirect.
2022-06-22 12:12:57,866 [7] WARN Microsoft.AspNetCore.HttpsPolicy.HttpsRedirectionMiddleware - Failed to determine the https port for redirect.
2022-06-22 12:12:59,603 [7] INFO ProductMicroservices.Controllers.ProductController - Logger initiated
2022-06-22 12:12:59,607 [7] INFO ProductMicroservices.Controllers.ProductController - Loading all available product
2022-06-22 12:13:21,853 [14] INFO ProductMicroservices.Controllers.ProductController - Logger initiated
2022-06-22 12:13:21,853 [14] INFO ProductMicroservices.Controllers.ProductController - Loading all available product
2022-06-22 12:13:21,961 [8] INFO ProductMicroservices.Controllers.ProductController - Logger initiated
2022-06-22 12:13:21,983 [8] INFO ProductMicroservices.Controllers.ProductController - Searching product by productName
2022-06-22 12:13:33,389 [5] INFO ProductMicroservices.Controllers.ProductController - Logger initiated
2022-06-22 12:13:33,389 [5] INFO ProductMicroservices.Controllers.ProductController - Loading all available product
2022-06-22 12:13:33,415 [10] INFO ProductMicroservices.Controllers.ProductController - Logger initiated
2022-06-22 12:13:33,419 [10] INFO ProductMicroservices.Controllers.ProductController - Searching product by productId
2022-06-22 12:13:42,406 [5] INFO ProductMicroservices.Controllers.ProductController - Logger initiated
2022-06-22 12:13:42,406 [5] INFO ProductMicroservices.Controllers.ProductController - Loading all available product
2022-06-22 12:13:42,452 [10] INFO ProductMicroservices.Controllers.ProductController - Logger initiated
2022-06-22 12:13:42,454 [10] INFO ProductMicroservices.Controllers.ProductController - Searching product by productId
2022-06-22 12:13:44,632 [4] INFO ProductMicroservices.Controllers.ProductController - Logger initiated
2022-06-22 12:13:44,633 [4] INFO ProductMicroservices.Controllers.ProductController - Loading all available product
2022-06-22 12:13:44,660 [5] INFO ProductMicroservices.Controllers.ProductController - Logger initiated
2022-06-22 12:13:44,661 [5] INFO ProductMicroservices.Controllers.ProductController - Searching product by productId
2022-06-22 12:13:45,309 [14] INFO ProductMicroservices.Controllers.ProductController - Logger initiated
2022-06-22 12:13:45,310 [14] INFO ProductMicroservices.Controllers.ProductController - Loading all available product
2022-06-22 12:13:45,359 [16] INFO ProductMicroservices.Controllers.ProductController - Logger initiated
2022-06-22 12:13:45,360 [16] INFO ProductMicroservices.Controllers.ProductController - Searching product by productName
2022-06-22 12:13:55,947 [10] INFO ProductMicroservices.Controllers.ProductController - Logger initiated
2022-06-22 12:13:55,948 [10] INFO ProductMicroservices.Controllers.ProductController - Loading all available product
2022-06-22 12:13:55,985 [21] INFO ProductMicroservices.Controllers.ProductController - Logger initiated
2022-06-22 12:13:55,987 [21] INFO ProductMicroservices.Controllers.ProductController - Searching product by productId
2022-06-22 12:14:04,993 [22] INFO ProductMicroservices.Controllers.ProductController - Logger initiated
2022-06-22 12:14:04,994 [22] INFO ProductMicroservices.Controllers.ProductController - Loading all available product
2022-06-22 12:14:05,028 [5] INFO ProductMicroservices.Controllers.ProductController - Logger initiated
2022-06-22 12:14:05,031 [5] INFO ProductMicroservices.Controllers.ProductController - Searching product by productId
2022-06-22 12:14:12,170 [22] INFO ProductMicroservices.Controllers.ProductController - Logger initiated
2022-06-22 12:14:12,171 [22] INFO ProductMicroservices.Controllers.ProductController - Loading all available product
2022-06-22 12:14:12,193 [4] INFO ProductMicroservices.Controllers.ProductController - Logger initiated
2022-06-22 12:14:12,198 [4] INFO ProductMicroservices.Controllers.ProductController - Searching product by productId
2022-06-22 12:14:34,447 [22] INFO ProductMicroservices.Controllers.ProductController - Logger initiated
2022-06-22 12:14:34,447 [22] INFO ProductMicroservices.Controllers.ProductController - Loading all available product
2022-06-22 12:14:45,886 [8] INFO ProductMicroservices.Controllers.ProductController - Logger initiated
2022-06-22 12:14:45,888 [8] INFO ProductMicroservices.Controllers.ProductController - Loading all available product
2022-06-22 12:14:45,939 [12] INFO ProductMicroservices.Controllers.ProductController - Logger initiated
2022-06-22 12:14:45,940 [12] INFO ProductMicroservices.Controllers.ProductController - Searching product by productId
2022-06-22 12:14:50,731 [32] INFO ProductMicroservices.Controllers.ProductController - Logger initiated
2022-06-22 12:14:50,731 [32] INFO ProductMicroservices.Controllers.ProductController - Loading all available product
2022-06-22 12:14:50,775 [22] INFO ProductMicroservices.Controllers.ProductController - Logger initiated
2022-06-22 12:14:50,781 [22] INFO ProductMicroservices.Controllers.ProductController - Searching product by productId
2022-06-22 12:14:57,930 [8] INFO ProductMicroservices.Controllers.ProductController - Logger initiated
2022-06-22 12:14:57,930 [8] INFO ProductMicroservices.Controllers.ProductController - Loading all available product
2022-06-22 12:14:57,978 [8] INFO ProductMicroservices.Controllers.ProductController - Logger initiated
2022-06-22 12:14:57,979 [8] INFO ProductMicroservices.Controllers.ProductController - Searching product by productId
2022-06-22 12:15:27,093 [32] INFO ProductMicroservices.Controllers.ProductController - Logger initiated
2022-06-22 12:15:27,093 [32] INFO ProductMicroservices.Controllers.ProductController - Loading all available product
2022-06-22 12:15:42,842 [4] INFO ProductMicroservices.Controllers.ProductController - Logger initiated
2022-06-22 12:15:42,842 [4] INFO ProductMicroservices.Controllers.ProductController - Loading all available product
2022-06-22 12:16:12,534 [33] INFO ProductMicroservices.Controllers.ProductController - Logger initiated
2022-06-22 12:16:12,534 [33] INFO ProductMicroservices.Controllers.ProductController - Loading all available product
2022-06-22 12:16:21,695 [10] INFO ProductMicroservices.Controllers.ProductController - Logger initiated
2022-06-22 12:16:21,695 [10] INFO ProductMicroservices.Controllers.ProductController - Loading all available product
2022-06-22 12:16:40,944 [34] INFO ProductMicroservices.Controllers.ProductController - Logger initiated
2022-06-22 12:16:40,944 [34] INFO ProductMicroservices.Controllers.ProductController - Loading all available product
2022-06-22 12:16:46,966 [34] INFO ProductMicroservices.Controllers.ProductController - Logger initiated
2022-06-22 12:16:46,966 [34] INFO ProductMicroservices.Controllers.ProductController - Loading all available product
2022-06-22 12:17:07,457 [34] INFO ProductMicroservices.Controllers.ProductController - Logger initiated
2022-06-22 12:17:07,457 [34] INFO ProductMicroservices.Controllers.ProductController - Loading all available product
2022-06-22 12:17:08,463 [36] INFO ProductMicroservices.Controllers.ProductController - Logger initiated
2022-06-22 12:17:08,463 [36] INFO ProductMicroservices.Controllers.ProductController - Loading all available product
2022-06-22 12:17:31,879 [33] INFO ProductMicroservices.Controllers.ProductController - Logger initiated
2022-06-22 12:17:31,879 [33] INFO ProductMicroservices.Controllers.ProductController - Loading all available product
2022-06-22 12:17:41,655 [39] INFO ProductMicroservices.Controllers.ProductController - Logger initiated
2022-06-22 12:17:41,655 [39] INFO ProductMicroservices.Controllers.ProductController - Loading all available product
2022-06-22 12:17:41,681 [10] INFO ProductMicroservices.Controllers.ProductController - Logger initiated
2022-06-22 12:17:41,682 [10] INFO ProductMicroservices.Controllers.ProductController - Searching product by productId
2022-06-22 12:17:48,094 [39] INFO ProductMicroservices.Controllers.ProductController - Logger initiated
2022-06-22 12:17:48,112 [39] INFO ProductMicroservices.Controllers.ProductController - Added Rating to the Product
2022-06-22 12:17:48,267 [10] INFO ProductMicroservices.Controllers.ProductController - Logger initiated
2022-06-22 12:17:48,267 [10] INFO ProductMicroservices.Controllers.ProductController - Loading all available product
2022-06-22 12:17:58,460 [37] INFO ProductMicroservices.Controllers.ProductController - Logger initiated
2022-06-22 12:17:58,460 [37] INFO ProductMicroservices.Controllers.ProductController - Loading all available product
2022-06-22 12:17:58,473 [33] INFO ProductMicroservices.Controllers.ProductController - Logger initiated
2022-06-22 12:17:58,475 [33] INFO ProductMicroservices.Controllers.ProductController - Searching product by productId
2022-06-22 12:18:00,849 [40] INFO ProductMicroservices.Controllers.ProductController - Logger initiated
2022-06-22 12:18:00,857 [40] INFO ProductMicroservices.Controllers.ProductController - Added Rating to the Product
2022-06-22 12:18:00,895 [40] INFO ProductMicroservices.Controllers.ProductController - Logger initiated
2022-06-22 12:18:00,895 [40] INFO ProductMicroservices.Controllers.ProductController - Loading all available product
2022-06-22 12:18:15,638 [40] INFO ProductMicroservices.Controllers.ProductController - Logger initiated
2022-06-22 12:18:15,638 [40] INFO ProductMicroservices.Controllers.ProductController - Loading all available product
2022-06-22 12:18:18,377 [38] INFO ProductMicroservices.Controllers.ProductController - Logger initiated
2022-06-22 12:18:18,378 [38] INFO ProductMicroservices.Controllers.ProductController - Loading all available product
2022-06-26 20:04:03,998 [1] INFO Microsoft.Hosting.Lifetime - Application started. Press Ctrl+C to shut down.
2022-06-26 20:04:04,023 [1] INFO Microsoft.Hosting.Lifetime - Application started. Press Ctrl+C to shut down.
2022-06-26 20:04:04,026 [1] INFO Microsoft.Hosting.Lifetime - Hosting environment: Development
2022-06-26 20:04:04,026 [1] INFO Microsoft.Hosting.Lifetime - Hosting environment: Development
2022-06-26 20:04:04,028 [1] INFO Microsoft.Hosting.Lifetime - Content root path: D:\Retail-Product-Management-main\ProductMicroservices\ProductMicroservices
2022-06-26 20:04:04,028 [1] INFO Microsoft.Hosting.Lifetime - Content root path: D:\Retail-Product-Management-main\ProductMicroservices\ProductMicroservices
2022-06-26 20:04:14,192 [10] WARN Microsoft.AspNetCore.HttpsPolicy.HttpsRedirectionMiddleware - Failed to determine the https port for redirect.
2022-06-26 20:04:14,196 [10] WARN Microsoft.AspNetCore.HttpsPolicy.HttpsRedirectionMiddleware - Failed to determine the https port for redirect.
2022-06-27 23:35:44,862 [1] INFO Microsoft.Hosting.Lifetime - Application started. Press Ctrl+C to shut down.
2022-06-27 23:35:44,879 [1] INFO Microsoft.Hosting.Lifetime - Application started. Press Ctrl+C to shut down.
2022-06-27 23:35:44,883 [1] INFO Microsoft.Hosting.Lifetime - Hosting environment: Development
2022-06-27 23:35:44,883 [1] INFO Microsoft.Hosting.Lifetime - Hosting environment: Development
2022-06-27 23:35:44,886 [1] INFO Microsoft.Hosting.Lifetime - Content root path: D:\Retail-Product-Management-main\ProductMicroservices\ProductMicroservices
2022-06-27 23:35:44,886 [1] INFO Microsoft.Hosting.Lifetime - Content root path: D:\Retail-Product-Management-main\ProductMicroservices\ProductMicroservices
2022-06-27 23:38:38,701 [6] WARN Microsoft.AspNetCore.HttpsPolicy.HttpsRedirectionMiddleware - Failed to determine the https port for redirect.
2022-06-27 23:38:38,702 [6] WARN Microsoft.AspNetCore.HttpsPolicy.HttpsRedirectionMiddleware - Failed to determine the https port for redirect.
2022-06-27 23:38:41,572 [6] INFO ProductMicroservices.Controllers.ProductController - Logger initiated
2022-06-27 23:38:41,575 [6] INFO ProductMicroservices.Controllers.ProductController - Loading all available product
2022-06-27 23:39:04,523 [18] INFO ProductMicroservices.Controllers.ProductController - Logger initiated
2022-06-27 23:39:04,524 [18] INFO ProductMicroservices.Controllers.ProductController - Loading all available product
2022-06-27 23:39:25,086 [23] INFO ProductMicroservices.Controllers.ProductController - Logger initiated
2022-06-27 23:39:25,087 [23] INFO ProductMicroservices.Controllers.ProductController - Loading all available product
2022-06-27 23:41:11,015 [22] INFO ProductMicroservices.Controllers.ProductController - Logger initiated
2022-06-27 23:41:11,016 [22] INFO ProductMicroservices.Controllers.ProductController - Loading all available product
2022-06-27 23:41:45,922 [18] INFO ProductMicroservices.Controllers.ProductController - Logger initiated
2022-06-27 23:41:45,922 [18] INFO ProductMicroservices.Controllers.ProductController - Loading all available product
2022-06-27 23:44:13,071 [24] INFO ProductMicroservices.Controllers.ProductController - Logger initiated
2022-06-27 23:44:13,073 [24] INFO ProductMicroservices.Controllers.ProductController - Loading all available product
2022-06-27 23:44:50,078 [28] INFO ProductMicroservices.Controllers.ProductController - Logger initiated
2022-06-27 23:44:50,079 [28] INFO ProductMicroservices.Controllers.ProductController - Loading all available product
2022-06-27 23:46:21,356 [33] INFO ProductMicroservices.Controllers.ProductController - Logger initiated
2022-06-27 23:46:21,357 [33] INFO ProductMicroservices.Controllers.ProductController - Loading all available product
2022-06-27 23:46:32,775 [33] INFO ProductMicroservices.Controllers.ProductController - Logger initiated
2022-06-27 23:46:32,775 [33] INFO ProductMicroservices.Controllers.ProductController - Loading all available product
2022-06-27 23:46:32,823 [34] INFO ProductMicroservices.Controllers.ProductController - Logger initiated
2022-06-27 23:46:32,824 [34] INFO ProductMicroservices.Controllers.ProductController - Loading all available product
2022-06-28 12:25:36,504 [1] INFO Microsoft.Hosting.Lifetime - Application started. Press Ctrl+C to shut down.
2022-06-28 12:25:36,523 [1] INFO Microsoft.Hosting.Lifetime - Application started. Press Ctrl+C to shut down.
2022-06-28 12:25:36,527 [1] INFO Microsoft.Hosting.Lifetime - Hosting environment: Development
2022-06-28 12:25:36,528 [1] INFO Microsoft.Hosting.Lifetime - Hosting environment: Development
2022-06-28 12:25:36,530 [1] INFO Microsoft.Hosting.Lifetime - Content root path: D:\Retail-Product-Management-main\ProductMicroservices\ProductMicroservices
2022-06-28 12:25:36,530 [1] INFO Microsoft.Hosting.Lifetime - Content root path: D:\Retail-Product-Management-main\ProductMicroservices\ProductMicroservices
2022-06-28 12:26:21,132 [17] WARN Microsoft.AspNetCore.HttpsPolicy.HttpsRedirectionMiddleware - Failed to determine the https port for redirect.
2022-06-28 12:26:21,134 [17] WARN Microsoft.AspNetCore.HttpsPolicy.HttpsRedirectionMiddleware - Failed to determine the https port for redirect.
2022-06-28 12:26:24,181 [17] INFO ProductMicroservices.Controllers.ProductController - Logger initiated
2022-06-28 12:26:24,186 [17] INFO ProductMicroservices.Controllers.ProductController - Loading all available product
2022-06-28 12:26:41,662 [21] INFO ProductMicroservices.Controllers.ProductController - Logger initiated
2022-06-28 12:26:41,663 [21] INFO ProductMicroservices.Controllers.ProductController - Loading all available product
2022-06-28 12:29:48,904 [1] INFO Microsoft.Hosting.Lifetime - Application started. Press Ctrl+C to shut down.
2022-06-28 12:29:48,931 [1] INFO Microsoft.Hosting.Lifetime - Application started. Press Ctrl+C to shut down.
2022-06-28 12:29:48,937 [1] INFO Microsoft.Hosting.Lifetime - Hosting environment: Development
2022-06-28 12:29:48,937 [1] INFO Microsoft.Hosting.Lifetime - Hosting environment: Development
2022-06-28 12:29:48,940 [1] INFO Microsoft.Hosting.Lifetime - Content root path: D:\Retail-Product-Management-main\ProductMicroservices\ProductMicroservices
2022-06-28 12:29:48,940 [1] INFO Microsoft.Hosting.Lifetime - Content root path: D:\Retail-Product-Management-main\ProductMicroservices\ProductMicroservices
2022-06-28 12:30:16,638 [4] WARN Microsoft.AspNetCore.HttpsPolicy.HttpsRedirectionMiddleware - Failed to determine the https port for redirect.
2022-06-28 12:30:16,639 [4] WARN Microsoft.AspNetCore.HttpsPolicy.HttpsRedirectionMiddleware - Failed to determine the https port for redirect.
2022-06-28 12:30:17,710 [4] INFO ProductMicroservices.Controllers.ProductController - Logger initiated
2022-06-28 12:30:17,713 [4] INFO ProductMicroservices.Controllers.ProductController - Loading all available product
2022-06-28 12:30:32,286 [14] INFO ProductMicroservices.Controllers.ProductController - Logger initiated
2022-06-28 12:30:32,286 [14] INFO ProductMicroservices.Controllers.ProductController - Loading all available product
2022-06-28 12:31:30,467 [16] INFO ProductMicroservices.Controllers.ProductController - Logger initiated
2022-06-28 12:31:30,468 [16] INFO ProductMicroservices.Controllers.ProductController - Loading all available product
2022-06-28 12:31:30,691 [10] INFO ProductMicroservices.Controllers.ProductController - Logger initiated
2022-06-28 12:31:30,691 [10] INFO ProductMicroservices.Controllers.ProductController - Loading all available product
2022-06-28 12:31:56,891 [15] INFO ProductMicroservices.Controllers.ProductController - Logger initiated
2022-06-28 12:31:56,891 [15] INFO ProductMicroservices.Controllers.ProductController - Loading all available product
2022-06-28 12:32:02,563 [28] INFO ProductMicroservices.Controllers.ProductController - Logger initiated
2022-06-28 12:32:02,563 [28] INFO ProductMicroservices.Controllers.ProductController - Loading all available product
2022-06-28 12:33:35,254 [30] INFO ProductMicroservices.Controllers.ProductController - Logger initiated
2022-06-28 12:33:35,255 [30] INFO ProductMicroservices.Controllers.ProductController - Loading all available product
2022-06-28 12:33:35,302 [33] INFO ProductMicroservices.Controllers.ProductController - Logger initiated
2022-06-28 12:33:35,303 [33] INFO ProductMicroservices.Controllers.ProductController - Loading all available product
2022-06-28 12:33:35,333 [31] INFO ProductMicroservices.Controllers.ProductController - Logger initiated
2022-06-28 12:33:35,334 [31] INFO ProductMicroservices.Controllers.ProductController - Loading all available product
2022-06-28 12:35:58,754 [30] INFO ProductMicroservices.Controllers.ProductController - Logger initiated
2022-06-28 12:35:58,755 [30] INFO ProductMicroservices.Controllers.ProductController - Loading all available product
2022-06-28 12:36:00,608 [26] INFO ProductMicroservices.Controllers.ProductController - Logger initiated
2022-06-28 12:36:00,609 [26] INFO ProductMicroservices.Controllers.ProductController - Loading all available product
2022-06-28 12:38:34,354 [24] INFO ProductMicroservices.Controllers.ProductController - Logger initiated
2022-06-28 12:38:34,354 [24] INFO ProductMicroservices.Controllers.ProductController - Loading all available product
2022-06-28 12:38:34,421 [25] INFO ProductMicroservices.Controllers.ProductController - Logger initiated
2022-06-28 12:38:34,421 [25] INFO ProductMicroservices.Controllers.ProductController - Loading all available product
2022-06-28 12:38:34,443 [27] INFO ProductMicroservices.Controllers.ProductController - Logger initiated
2022-06-28 12:38:34,443 [27] INFO ProductMicroservices.Controllers.ProductController - Loading all available product
2022-06-28 20:18:13,683 [1] INFO Microsoft.Hosting.Lifetime - Application started. Press Ctrl+C to shut down.
2022-06-28 20:18:13,693 [1] INFO Microsoft.Hosting.Lifetime - Application started. Press Ctrl+C to shut down.
2022-06-28 20:18:13,696 [1] INFO Microsoft.Hosting.Lifetime - Hosting environment: Development
2022-06-28 20:18:13,696 [1] INFO Microsoft.Hosting.Lifetime - Hosting environment: Development
2022-06-28 20:18:13,699 [1] INFO Microsoft.Hosting.Lifetime - Content root path: D:\Retail-Product-Management-main\ProductMicroservices\ProductMicroservices
2022-06-28 20:18:13,699 [1] INFO Microsoft.Hosting.Lifetime - Content root path: D:\Retail-Product-Management-main\ProductMicroservices\ProductMicroservices
2022-06-28 20:21:10,910 [1] INFO Microsoft.Hosting.Lifetime - Application started. Press Ctrl+C to shut down.
2022-06-28 20:21:10,926 [1] INFO Microsoft.Hosting.Lifetime - Application started. Press Ctrl+C to shut down.
2022-06-28 20:21:10,929 [1] INFO Microsoft.Hosting.Lifetime - Hosting environment: Development
2022-06-28 20:21:10,930 [1] INFO Microsoft.Hosting.Lifetime - Hosting environment: Development
2022-06-28 20:21:10,931 [1] INFO Microsoft.Hosting.Lifetime - Content root path: D:\Retail-Product-Management-main\ProductMicroservices\ProductMicroservices
2022-06-28 20:21:10,933 [1] INFO Microsoft.Hosting.Lifetime - Content root path: D:\Retail-Product-Management-main\ProductMicroservices\ProductMicroservices
2022-06-28 20:22:22,326 [14] WARN Microsoft.AspNetCore.HttpsPolicy.HttpsRedirectionMiddleware - Failed to determine the https port for redirect.
2022-06-28 20:22:22,326 [14] WARN Microsoft.AspNetCore.HttpsPolicy.HttpsRedirectionMiddleware - Failed to determine the https port for redirect.
2022-06-28 20:22:23,415 [14] INFO ProductMicroservices.Controllers.ProductController - Logger initiated
2022-06-28 20:22:23,417 [14] INFO ProductMicroservices.Controllers.ProductController - Loading all available product
2022-06-28 20:23:07,075 [21] INFO ProductMicroservices.Controllers.ProductController - Logger initiated
2022-06-28 20:23:07,076 [21] INFO ProductMicroservices.Controllers.ProductController - Loading all available product
2022-06-28 20:23:07,195 [23] INFO ProductMicroservices.Controllers.ProductController - Logger initiated
2022-06-28 20:23:07,220 [23] INFO ProductMicroservices.Controllers.ProductController - Searching product by productName
2022-06-28 20:23:17,809 [21] INFO ProductMicroservices.Controllers.ProductController - Logger initiated
2022-06-28 20:23:17,846 [21] INFO ProductMicroservices.Controllers.ProductController - Added Rating to the Product
2022-06-28 20:23:18,460 [21] INFO ProductMicroservices.Controllers.ProductController - Logger initiated
2022-06-28 20:23:18,461 [21] INFO ProductMicroservices.Controllers.ProductController - Loading all available product
2022-06-28 20:23:34,426 [21] INFO ProductMicroservices.Controllers.ProductController - Logger initiated
2022-06-28 20:23:34,426 [21] INFO ProductMicroservices.Controllers.ProductController - Loading all available product
2022-06-28 20:23:34,450 [21] INFO ProductMicroservices.Controllers.ProductController - Logger initiated
2022-06-28 20:23:34,452 [21] INFO ProductMicroservices.Controllers.ProductController - Searching product by productId
2022-06-28 20:23:43,312 [25] INFO ProductMicroservices.Controllers.ProductController - Logger initiated
2022-06-28 20:23:43,314 [25] INFO ProductMicroservices.Controllers.ProductController - Loading all available product
2022-06-28 20:23:43,328 [25] INFO ProductMicroservices.Controllers.ProductController - Logger initiated
2022-06-28 20:23:43,329 [25] INFO ProductMicroservices.Controllers.ProductController - Searching product by productName
2022-06-28 20:23:52,105 [24] INFO ProductMicroservices.Controllers.ProductController - Logger initiated
2022-06-28 20:23:52,106 [24] INFO ProductMicroservices.Controllers.ProductController - Loading all available product
2022-06-28 20:23:52,145 [21] INFO ProductMicroservices.Controllers.ProductController - Logger initiated
2022-06-28 20:23:52,147 [21] INFO ProductMicroservices.Controllers.ProductController - Searching product by productName
2022-06-28 20:23:59,703 [21] INFO ProductMicroservices.Controllers.ProductController - Logger initiated
2022-06-28 20:23:59,704 [21] INFO ProductMicroservices.Controllers.ProductController - Loading all available product
2022-06-28 20:23:59,722 [25] INFO ProductMicroservices.Controllers.ProductController - Logger initiated
2022-06-28 20:23:59,724 [25] INFO ProductMicroservices.Controllers.ProductController - Searching product by productName
2022-06-28 20:24:07,052 [21] INFO ProductMicroservices.Controllers.ProductController - Logger initiated
2022-06-28 20:24:07,054 [21] INFO ProductMicroservices.Controllers.ProductController - Loading all available product
2022-06-28 20:24:07,071 [25] INFO ProductMicroservices.Controllers.ProductController - Logger initiated
2022-06-28 20:24:07,073 [25] INFO ProductMicroservices.Controllers.ProductController - Searching product by productId
2022-06-28 20:24:12,324 [24] INFO ProductMicroservices.Controllers.ProductController - Logger initiated
2022-06-28 20:24:12,325 [24] INFO ProductMicroservices.Controllers.ProductController - Loading all available product
2022-06-28 20:24:12,347 [24] INFO ProductMicroservices.Controllers.ProductController - Logger initiated
2022-06-28 20:24:12,348 [24] INFO ProductMicroservices.Controllers.ProductController - Searching product by productId
2022-06-28 20:24:25,145 [24] INFO ProductMicroservices.Controllers.ProductController - Logger initiated
2022-06-28 20:24:25,145 [24] INFO ProductMicroservices.Controllers.ProductController - Loading all available product
2022-06-28 20:24:25,171 [25] INFO ProductMicroservices.Controllers.ProductController - Logger initiated
2022-06-28 20:24:25,172 [25] INFO ProductMicroservices.Controllers.ProductController - Searching product by productName
2022-06-28 20:24:28,983 [28] INFO ProductMicroservices.Controllers.ProductController - Logger initiated
2022-06-28 20:24:28,990 [28] INFO ProductMicroservices.Controllers.ProductController - Added Rating to the Product
2022-06-28 20:24:29,130 [24] INFO ProductMicroservices.Controllers.ProductController - Logger initiated
2022-06-28 20:24:29,131 [24] INFO ProductMicroservices.Controllers.ProductController - Loading all available product
2022-06-28 20:24:32,778 [26] INFO ProductMicroservices.Controllers.ProductController - Logger initiated
2022-06-28 20:24:32,778 [26] INFO ProductMicroservices.Controllers.ProductController - Loading all available product
2022-06-28 20:24:32,802 [24] INFO ProductMicroservices.Controllers.ProductController - Logger initiated
2022-06-28 20:24:32,803 [24] INFO ProductMicroservices.Controllers.ProductController - Searching product by productName
2022-06-28 20:24:50,165 [24] INFO ProductMicroservices.Controllers.ProductController - Logger initiated
2022-06-28 20:24:50,165 [24] INFO ProductMicroservices.Controllers.ProductController - Loading all available product
2022-06-28 20:25:17,946 [20] INFO ProductMicroservices.Controllers.ProductController - Logger initiated
2022-06-28 20:25:17,946 [20] INFO ProductMicroservices.Controllers.ProductController - Loading all available product
2022-06-28 20:25:29,600 [14] INFO ProductMicroservices.Controllers.ProductController - Logger initiated
2022-06-28 20:25:29,601 [14] INFO ProductMicroservices.Controllers.ProductController - Loading all available product
2022-06-28 20:25:40,943 [19] INFO ProductMicroservices.Controllers.ProductController - Logger initiated
2022-06-28 20:25:40,944 [19] INFO ProductMicroservices.Controllers.ProductController - Loading all available product
2022-06-28 20:25:54,758 [14] INFO ProductMicroservices.Controllers.ProductController - Logger initiated
2022-06-28 20:25:54,758 [14] INFO ProductMicroservices.Controllers.ProductController - Loading all available product
2022-06-28 20:25:54,797 [14] INFO ProductMicroservices.Controllers.ProductController - Logger initiated
2022-06-28 20:25:54,797 [14] INFO ProductMicroservices.Controllers.ProductController - Loading all available product
2022-06-28 20:25:54,831 [18] INFO ProductMicroservices.Controllers.ProductController - Logger initiated
2022-06-28 20:25:54,831 [18] INFO ProductMicroservices.Controllers.ProductController - Loading all available product
2022-06-28 20:25:54,870 [20] INFO ProductMicroservices.Controllers.ProductController - Logger initiated
2022-06-28 20:25:54,870 [20] INFO ProductMicroservices.Controllers.ProductController - Loading all available product
2022-06-28 20:26:45,799 [30] INFO ProductMicroservices.Controllers.ProductController - Logger initiated
2022-06-28 20:26:45,800 [30] INFO ProductMicroservices.Controllers.ProductController - Loading all available product
2022-06-28 20:26:45,836 [31] INFO ProductMicroservices.Controllers.ProductController - Logger initiated
2022-06-28 20:26:45,836 [31] INFO ProductMicroservices.Controllers.ProductController - Loading all available product
2022-06-28 20:26:45,850 [32] INFO ProductMicroservices.Controllers.ProductController - Logger initiated
2022-06-28 20:26:45,850 [32] INFO ProductMicroservices.Controllers.ProductController - Loading all available product
2022-06-28 20:26:45,863 [32] INFO ProductMicroservices.Controllers.ProductController - Logger initiated
2022-06-28 20:26:45,863 [32] INFO ProductMicroservices.Controllers.ProductController - Loading all available product
2022-06-28 20:26:53,299 [33] INFO ProductMicroservices.Controllers.ProductController - Logger initiated
2022-06-28 20:26:53,299 [33] INFO ProductMicroservices.Controllers.ProductController - Loading all available product
2022-06-28 20:27:01,021 [32] INFO ProductMicroservices.Controllers.ProductController - Logger initiated
2022-06-28 20:27:01,022 [32] INFO ProductMicroservices.Controllers.ProductController - Loading all available product
2022-06-28 20:27:05,088 [30] INFO ProductMicroservices.Controllers.ProductController - Logger initiated
2022-06-28 20:27:05,088 [30] INFO ProductMicroservices.Controllers.ProductController - Loading all available product
2022-06-28 20:27:13,075 [30] INFO ProductMicroservices.Controllers.ProductController - Logger initiated
2022-06-28 20:27:13,075 [30] INFO ProductMicroservices.Controllers.ProductController - Loading all available product
2022-06-28 20:27:41,516 [31] INFO ProductMicroservices.Controllers.ProductController - Logger initiated
2022-06-28 20:27:41,516 [31] INFO ProductMicroservices.Controllers.ProductController - Loading all available product
2022-06-28 20:27:56,460 [36] INFO ProductMicroservices.Controllers.ProductController - Logger initiated
2022-06-28 20:27:56,460 [36] INFO ProductMicroservices.Controllers.ProductController - Loading all available product
2022-06-28 20:28:03,299 [34] INFO ProductMicroservices.Controllers.ProductController - Logger initiated
2022-06-28 20:28:03,300 [34] INFO ProductMicroservices.Controllers.ProductController - Loading all available product
2022-06-28 20:28:03,333 [35] INFO ProductMicroservices.Controllers.ProductController - Logger initiated
2022-06-28 20:28:03,333 [35] INFO ProductMicroservices.Controllers.ProductController - Loading all available product
2022-06-28 20:28:03,357 [34] INFO ProductMicroservices.Controllers.ProductController - Logger initiated
2022-06-28 20:28:03,357 [34] INFO ProductMicroservices.Controllers.ProductController - Loading all available product
2022-06-28 20:28:03,373 [36] INFO ProductMicroservices.Controllers.ProductController - Logger initiated
2022-06-28 20:28:03,374 [36] INFO ProductMicroservices.Controllers.ProductController - Loading all available product
2022-06-28 20:28:10,043 [34] INFO ProductMicroservices.Controllers.ProductController - Logger initiated
2022-06-28 20:28:10,044 [34] INFO ProductMicroservices.Controllers.ProductController - Loading all available product
2022-06-28 20:33:10,120 [24] INFO ProductMicroservices.Controllers.ProductController - Logger initiated
2022-06-28 20:33:10,120 [24] INFO ProductMicroservices.Controllers.ProductController - Loading all available product
2022-06-28 20:33:53,710 [22] INFO ProductMicroservices.Controllers.ProductController - Logger initiated
2022-06-28 20:33:53,711 [22] INFO ProductMicroservices.Controllers.ProductController - Loading all available product
2022-06-28 20:35:16,603 [21] INFO ProductMicroservices.Controllers.ProductController - Logger initiated
2022-06-28 20:35:16,603 [21] INFO ProductMicroservices.Controllers.ProductController - Loading all available product
2022-06-28 20:35:24,092 [36] INFO ProductMicroservices.Controllers.ProductController - Logger initiated
2022-06-28 20:35:24,092 [36] INFO ProductMicroservices.Controllers.ProductController - Loading all available product
2022-06-28 23:45:15,153 [1] INFO Microsoft.Hosting.Lifetime - Application started. Press Ctrl+C to shut down.
2022-06-28 23:45:15,629 [1] INFO Microsoft.Hosting.Lifetime - Application started. Press Ctrl+C to shut down.
2022-06-28 23:45:15,653 [1] INFO Microsoft.Hosting.Lifetime - Hosting environment: Development
2022-06-28 23:45:15,653 [1] INFO Microsoft.Hosting.Lifetime - Hosting environment: Development
2022-06-28 23:45:15,682 [1] INFO Microsoft.Hosting.Lifetime - Content root path: D:\Retail-Product-Management-main\ProductMicroservices\ProductMicroservices
2022-06-28 23:45:15,682 [1] INFO Microsoft.Hosting.Lifetime - Content root path: D:\Retail-Product-Management-main\ProductMicroservices\ProductMicroservices
2022-06-28 23:46:01,314 [22] WARN Microsoft.AspNetCore.HttpsPolicy.HttpsRedirectionMiddleware - Failed to determine the https port for redirect.
2022-06-28 23:46:01,315 [22] WARN Microsoft.AspNetCore.HttpsPolicy.HttpsRedirectionMiddleware - Failed to determine the https port for redirect.
2022-06-28 23:46:02,150 [22] INFO ProductMicroservices.Controllers.ProductController - Logger initiated
2022-06-28 23:46:02,151 [22] INFO ProductMicroservices.Controllers.ProductController - Loading all available product
2022-06-28 23:46:12,407 [25] INFO ProductMicroservices.Controllers.ProductController - Logger initiated
2022-06-28 23:46:12,408 [25] INFO ProductMicroservices.Controllers.ProductController - Loading all available product
2022-06-28 23:46:15,458 [16] INFO ProductMicroservices.Controllers.ProductController - Logger initiated
2022-06-28 23:46:15,459 [16] INFO ProductMicroservices.Controllers.ProductController - Loading all available product
2022-06-28 23:46:15,581 [22] INFO ProductMicroservices.Controllers.ProductController - Logger initiated
2022-06-28 23:46:15,582 [22] INFO ProductMicroservices.Controllers.ProductController - Loading all available product
2022-06-28 23:46:15,621 [16] INFO ProductMicroservices.Controllers.ProductController - Logger initiated
2022-06-28 23:46:15,621 [16] INFO ProductMicroservices.Controllers.ProductController - Loading all available product
2022-06-28 23:47:43,041 [14] INFO ProductMicroservices.Controllers.ProductController - Logger initiated
2022-06-28 23:47:43,042 [14] INFO ProductMicroservices.Controllers.ProductController - Loading all available product
2022-06-28 23:47:46,595 [10] INFO ProductMicroservices.Controllers.ProductController - Logger initiated
2022-06-28 23:47:46,596 [10] INFO ProductMicroservices.Controllers.ProductController - Loading all available product
2022-06-28 23:47:46,646 [11] INFO ProductMicroservices.Controllers.ProductController - Logger initiated
2022-06-28 23:47:46,647 [11] INFO ProductMicroservices.Controllers.ProductController - Loading all available product
2022-06-28 23:47:46,661 [10] INFO ProductMicroservices.Controllers.ProductController - Logger initiated
2022-06-28 23:47:46,661 [10] INFO ProductMicroservices.Controllers.ProductController - Loading all available product
2022-06-28 23:47:46,680 [14] INFO ProductMicroservices.Controllers.ProductController - Logger initiated
2022-06-28 23:47:46,680 [14] INFO ProductMicroservices.Controllers.ProductController - Loading all available product
2022-06-29 00:19:48,806 [1] INFO Microsoft.Hosting.Lifetime - Application started. Press Ctrl+C to shut down.
2022-06-29 00:19:48,870 [1] INFO Microsoft.Hosting.Lifetime - Application started. Press Ctrl+C to shut down.
2022-06-29 00:19:48,892 [1] INFO Microsoft.Hosting.Lifetime - Hosting environment: Development
2022-06-29 00:19:48,892 [1] INFO Microsoft.Hosting.Lifetime - Hosting environment: Development
2022-06-29 00:19:48,896 [1] INFO Microsoft.Hosting.Lifetime - Content root path: D:\Retail-Product-Management-main\ProductMicroservices\ProductMicroservices
2022-06-29 00:19:48,896 [1] INFO Microsoft.Hosting.Lifetime - Content root path: D:\Retail-Product-Management-main\ProductMicroservices\ProductMicroservices
2022-06-29 00:21:21,113 [17] WARN Microsoft.AspNetCore.HttpsPolicy.HttpsRedirectionMiddleware - Failed to determine the https port for redirect.
2022-06-29 00:21:21,113 [17] WARN Microsoft.AspNetCore.HttpsPolicy.HttpsRedirectionMiddleware - Failed to determine the https port for redirect.
2022-06-29 00:21:22,032 [17] INFO ProductMicroservices.Controllers.ProductController - Logger initiated
2022-06-29 00:21:22,034 [17] INFO ProductMicroservices.Controllers.ProductController - Loading all available product
2022-06-29 00:22:20,265 [19] INFO ProductMicroservices.Controllers.ProductController - Logger initiated
2022-06-29 00:22:20,266 [19] INFO ProductMicroservices.Controllers.ProductController - Loading all available product
2022-06-29 00:22:20,361 [23] INFO ProductMicroservices.Controllers.ProductController - Logger initiated
2022-06-29 00:22:20,371 [23] INFO ProductMicroservices.Controllers.ProductController - Searching product by productName
2022-06-29 00:22:35,713 [24] INFO ProductMicroservices.Controllers.ProductController - Logger initiated
2022-06-29 00:22:35,714 [24] INFO ProductMicroservices.Controllers.ProductController - Loading all available product
2022-06-29 00:22:40,868 [23] INFO ProductMicroservices.Controllers.ProductController - Logger initiated
2022-06-29 00:22:40,869 [23] INFO ProductMicroservices.Controllers.ProductController - Loading all available product
2022-06-29 00:22:40,914 [24] INFO ProductMicroservices.Controllers.ProductController - Logger initiated
2022-06-29 00:22:40,917 [24] INFO ProductMicroservices.Controllers.ProductController - Searching product by productId
2022-06-29 00:22:47,020 [23] INFO ProductMicroservices.Controllers.ProductController - Logger initiated
2022-06-29 00:22:47,021 [23] INFO ProductMicroservices.Controllers.ProductController - Loading all available product
2022-06-29 00:22:47,056 [20] INFO ProductMicroservices.Controllers.ProductController - Logger initiated
2022-06-29 00:22:47,058 [20] INFO ProductMicroservices.Controllers.ProductController - Searching product by productId
2022-06-29 00:22:53,975 [24] INFO ProductMicroservices.Controllers.ProductController - Logger initiated
2022-06-29 00:22:53,975 [24] INFO ProductMicroservices.Controllers.ProductController - Loading all available product
2022-06-29 00:22:53,999 [20] INFO ProductMicroservices.Controllers.ProductController - Logger initiated
2022-06-29 00:22:54,000 [20] INFO ProductMicroservices.Controllers.ProductController - Searching product by productName
2022-06-29 00:22:59,704 [24] INFO ProductMicroservices.Controllers.ProductController - Logger initiated
2022-06-29 00:22:59,704 [24] INFO ProductMicroservices.Controllers.ProductController - Loading all available product
2022-06-29 00:22:59,731 [21] INFO ProductMicroservices.Controllers.ProductController - Logger initiated
2022-06-29 00:22:59,733 [21] INFO ProductMicroservices.Controllers.ProductController - Searching product by productId
2022-06-29 00:23:15,451 [23] INFO ProductMicroservices.Controllers.ProductController - Logger initiated
2022-06-29 00:23:15,452 [23] INFO ProductMicroservices.Controllers.ProductController - Loading all available product
2022-06-29 00:23:19,348 [23] INFO ProductMicroservices.Controllers.ProductController - Logger initiated
2022-06-29 00:23:19,348 [23] INFO ProductMicroservices.Controllers.ProductController - Loading all available product
2022-06-29 00:24:08,691 [20] INFO ProductMicroservices.Controllers.ProductController - Logger initiated
2022-06-29 00:24:08,691 [20] INFO ProductMicroservices.Controllers.ProductController - Loading all available product
2022-06-29 00:29:23,981 [24] INFO ProductMicroservices.Controllers.ProductController - Logger initiated
2022-06-29 00:29:23,981 [24] INFO ProductMicroservices.Controllers.ProductController - Loading all available product
2022-06-29 00:36:05,134 [20] INFO ProductMicroservices.Controllers.ProductController - Logger initiated
2022-06-29 00:36:05,134 [20] INFO ProductMicroservices.Controllers.ProductController - Loading all available product
2022-06-29 00:37:50,841 [1] INFO Microsoft.Hosting.Lifetime - Application started. Press Ctrl+C to shut down.
2022-06-29 00:37:50,856 [1] INFO Microsoft.Hosting.Lifetime - Application started. Press Ctrl+C to shut down.
2022-06-29 00:37:50,859 [1] INFO Microsoft.Hosting.Lifetime - Hosting environment: Development
2022-06-29 00:37:50,859 [1] INFO Microsoft.Hosting.Lifetime - Hosting environment: Development
2022-06-29 00:37:50,862 [1] INFO Microsoft.Hosting.Lifetime - Content root path: D:\Retail-Product-Management-main\ProductMicroservices\ProductMicroservices
2022-06-29 00:37:50,862 [1] INFO Microsoft.Hosting.Lifetime - Content root path: D:\Retail-Product-Management-main\ProductMicroservices\ProductMicroservices
2022-06-29 00:38:42,027 [6] WARN Microsoft.AspNetCore.HttpsPolicy.HttpsRedirectionMiddleware - Failed to determine the https port for redirect.
2022-06-29 00:38:42,028 [6] WARN Microsoft.AspNetCore.HttpsPolicy.HttpsRedirectionMiddleware - Failed to determine the https port for redirect.
2022-06-29 00:38:43,015 [6] INFO ProductMicroservices.Controllers.ProductController - Logger initiated
2022-06-29 00:38:43,017 [6] INFO ProductMicroservices.Controllers.ProductController - Loading all available product
2022-06-29 00:39:17,615 [14] INFO ProductMicroservices.Controllers.ProductController - Logger initiated
2022-06-29 00:39:17,615 [14] INFO ProductMicroservices.Controllers.ProductController - Loading all available product
2022-06-29 00:39:29,558 [27] INFO ProductMicroservices.Controllers.ProductController - Logger initiated
2022-06-29 00:39:29,558 [27] INFO ProductMicroservices.Controllers.ProductController - Loading all available product
2022-06-29 00:39:53,924 [27] INFO ProductMicroservices.Controllers.ProductController - Logger initiated
2022-06-29 00:39:53,924 [27] INFO ProductMicroservices.Controllers.ProductController - Loading all available product
2022-06-29 00:40:00,629 [16] INFO ProductMicroservices.Controllers.ProductController - Logger initiated
2022-06-29 00:40:00,630 [16] INFO ProductMicroservices.Controllers.ProductController - Loading all available product
2022-06-29 00:40:00,690 [11] INFO ProductMicroservices.Controllers.ProductController - Logger initiated
2022-06-29 00:40:00,690 [11] INFO ProductMicroservices.Controllers.ProductController - Loading all available product
2022-06-29 00:54:32,787 [1] INFO Microsoft.Hosting.Lifetime - Application started. Press Ctrl+C to shut down.
2022-06-29 00:54:32,798 [1] INFO Microsoft.Hosting.Lifetime - Application started. Press Ctrl+C to shut down.
2022-06-29 00:54:32,802 [1] INFO Microsoft.Hosting.Lifetime - Hosting environment: Development
2022-06-29 00:54:32,802 [1] INFO Microsoft.Hosting.Lifetime - Hosting environment: Development
2022-06-29 00:54:32,804 [1] INFO Microsoft.Hosting.Lifetime - Content root path: D:\Retail-Product-Management-main\ProductMicroservices\ProductMicroservices
2022-06-29 00:54:32,804 [1] INFO Microsoft.Hosting.Lifetime - Content root path: D:\Retail-Product-Management-main\ProductMicroservices\ProductMicroservices
2022-06-29 00:55:11,124 [14] WARN Microsoft.AspNetCore.HttpsPolicy.HttpsRedirectionMiddleware - Failed to determine the https port for redirect.
2022-06-29 00:55:11,124 [14] WARN Microsoft.AspNetCore.HttpsPolicy.HttpsRedirectionMiddleware - Failed to determine the https port for redirect.
2022-06-29 00:55:11,989 [14] INFO ProductMicroservices.Controllers.ProductController - Logger initiated
2022-06-29 00:55:11,990 [14] INFO ProductMicroservices.Controllers.ProductController - Loading all available product
2022-06-29 00:55:35,244 [13] INFO ProductMicroservices.Controllers.ProductController - Logger initiated
2022-06-29 00:55:35,244 [13] INFO ProductMicroservices.Controllers.ProductController - Loading all available product
2022-06-29 00:55:35,772 [21] INFO ProductMicroservices.Controllers.ProductController - Logger initiated
2022-06-29 00:55:35,773 [21] INFO ProductMicroservices.Controllers.ProductController - Loading all available product
2022-06-29 00:55:54,249 [4] INFO ProductMicroservices.Controllers.ProductController - Logger initiated
2022-06-29 00:55:54,250 [4] INFO ProductMicroservices.Controllers.ProductController - Loading all available product
2022-06-29 00:55:54,288 [20] INFO ProductMicroservices.Controllers.ProductController - Logger initiated
2022-06-29 00:55:54,288 [20] INFO ProductMicroservices.Controllers.ProductController - Loading all available product
2022-06-29 00:56:07,443 [20] INFO ProductMicroservices.Controllers.ProductController - Logger initiated
2022-06-29 00:56:07,444 [20] INFO ProductMicroservices.Controllers.ProductController - Loading all available product
2022-06-29 00:56:07,511 [4] INFO ProductMicroservices.Controllers.ProductController - Logger initiated
2022-06-29 00:56:07,512 [4] INFO ProductMicroservices.Controllers.ProductController - Loading all available product
2022-06-29 00:56:11,496 [20] INFO ProductMicroservices.Controllers.ProductController - Logger initiated
2022-06-29 00:56:11,497 [20] INFO ProductMicroservices.Controllers.ProductController - Loading all available product
2022-06-29 00:56:19,887 [20] INFO ProductMicroservices.Controllers.ProductController - Logger initiated
2022-06-29 00:56:19,888 [20] INFO ProductMicroservices.Controllers.ProductController - Loading all available product
2022-06-29 00:56:19,929 [16] INFO ProductMicroservices.Controllers.ProductController - Logger initiated
2022-06-29 00:56:19,930 [16] INFO ProductMicroservices.Controllers.ProductController - Loading all available product
2022-06-29 00:56:19,942 [20] INFO ProductMicroservices.Controllers.ProductController - Logger initiated
2022-06-29 00:56:19,942 [20] INFO ProductMicroservices.Controllers.ProductController - Loading all available product
2022-06-29 00:56:22,881 [16] INFO ProductMicroservices.Controllers.ProductController - Logger initiated
2022-06-29 00:56:22,882 [16] INFO ProductMicroservices.Controllers.ProductController - Loading all available product
2022-06-29 00:56:37,693 [16] INFO ProductMicroservices.Controllers.ProductController - Logger initiated
2022-06-29 00:56:37,693 [16] INFO ProductMicroservices.Controllers.ProductController - Loading all available product
2022-06-29 00:56:37,721 [19] INFO ProductMicroservices.Controllers.ProductController - Logger initiated
2022-06-29 00:56:37,721 [19] INFO ProductMicroservices.Controllers.ProductController - Loading all available product
2022-06-29 00:56:37,751 [20] INFO ProductMicroservices.Controllers.ProductController - Logger initiated
2022-06-29 00:56:37,752 [20] INFO ProductMicroservices.Controllers.ProductController - Loading all available product
2022-06-29 00:56:37,762 [20] INFO ProductMicroservices.Controllers.ProductController - Logger initiated
2022-06-29 00:56:37,762 [20] INFO ProductMicroservices.Controllers.ProductController - Loading all available product
2022-06-29 00:58:03,558 [16] INFO ProductMicroservices.Controllers.ProductController - Logger initiated
2022-06-29 00:58:03,558 [16] INFO ProductMicroservices.Controllers.ProductController - Loading all available product
2022-06-29 01:10:47,519 [1] INFO Microsoft.Hosting.Lifetime - Application started. Press Ctrl+C to shut down.
2022-06-29 01:10:47,550 [1] INFO Microsoft.Hosting.Lifetime - Application started. Press Ctrl+C to shut down.
2022-06-29 01:10:47,559 [1] INFO Microsoft.Hosting.Lifetime - Hosting environment: Development
2022-06-29 01:10:47,560 [1] INFO Microsoft.Hosting.Lifetime - Hosting environment: Development
2022-06-29 01:10:47,573 [1] INFO Microsoft.Hosting.Lifetime - Content root path: D:\Retail-Product-Management-main\ProductMicroservices\ProductMicroservices
2022-06-29 01:10:47,580 [1] INFO Microsoft.Hosting.Lifetime - Content root path: D:\Retail-Product-Management-main\ProductMicroservices\ProductMicroservices
2022-06-29 01:11:19,700 [6] WARN Microsoft.AspNetCore.HttpsPolicy.HttpsRedirectionMiddleware - Failed to determine the https port for redirect.
2022-06-29 01:11:19,700 [6] WARN Microsoft.AspNetCore.HttpsPolicy.HttpsRedirectionMiddleware - Failed to determine the https port for redirect.
2022-06-29 01:11:20,596 [6] INFO ProductMicroservices.Controllers.ProductController - Logger initiated
2022-06-29 01:11:20,597 [6] INFO ProductMicroservices.Controllers.ProductController - Loading all available product
2022-06-29 01:11:40,662 [8] INFO ProductMicroservices.Controllers.ProductController - Logger initiated
2022-06-29 01:11:40,664 [8] INFO ProductMicroservices.Controllers.ProductController - Loading all available product
2022-06-29 01:11:51,667 [13] INFO ProductMicroservices.Controllers.ProductController - Logger initiated
2022-06-29 01:11:51,668 [13] INFO ProductMicroservices.Controllers.ProductController - Loading all available product
2022-06-29 01:11:54,643 [13] INFO ProductMicroservices.Controllers.ProductController - Logger initiated
2022-06-29 01:11:54,644 [13] INFO ProductMicroservices.Controllers.ProductController - Loading all available product
2022-06-29 01:12:02,295 [13] INFO ProductMicroservices.Controllers.ProductController - Logger initiated
2022-06-29 01:12:02,296 [13] INFO ProductMicroservices.Controllers.ProductController - Loading all available product
2022-06-29 01:12:02,323 [12] INFO ProductMicroservices.Controllers.ProductController - Logger initiated
2022-06-29 01:12:02,323 [12] INFO ProductMicroservices.Controllers.ProductController - Loading all available product
2022-06-29 01:12:23,034 [17] INFO ProductMicroservices.Controllers.ProductController - Logger initiated
2022-06-29 01:12:23,034 [17] INFO ProductMicroservices.Controllers.ProductController - Loading all available product
2022-06-29 01:12:23,122 [20] INFO ProductMicroservices.Controllers.ProductController - Logger initiated
2022-06-29 01:12:23,123 [20] INFO ProductMicroservices.Controllers.ProductController - Loading all available product
2022-06-29 11:34:47,302 [1] INFO Microsoft.Hosting.Lifetime - Application started. Press Ctrl+C to shut down.
2022-06-29 11:34:47,318 [1] INFO Microsoft.Hosting.Lifetime - Application started. Press Ctrl+C to shut down.
2022-06-29 11:34:47,347 [1] INFO Microsoft.Hosting.Lifetime - Hosting environment: Development
2022-06-29 11:34:47,347 [1] INFO Microsoft.Hosting.Lifetime - Hosting environment: Development
2022-06-29 11:34:47,372 [1] INFO Microsoft.Hosting.Lifetime - Content root path: D:\Retail-Product-Management-main\ProductMicroservices\ProductMicroservices
2022-06-29 11:34:47,372 [1] INFO Microsoft.Hosting.Lifetime - Content root path: D:\Retail-Product-Management-main\ProductMicroservices\ProductMicroservices
2022-06-29 11:36:13,312 [6] WARN Microsoft.AspNetCore.HttpsPolicy.HttpsRedirectionMiddleware - Failed to determine the https port for redirect.
2022-06-29 11:36:13,313 [6] WARN Microsoft.AspNetCore.HttpsPolicy.HttpsRedirectionMiddleware - Failed to determine the https port for redirect.
2022-06-29 11:36:16,818 [6] INFO ProductMicroservices.Controllers.ProductController - Logger initiated
2022-06-29 11:36:16,822 [6] INFO ProductMicroservices.Controllers.ProductController - Loading all available product
2022-06-29 11:37:07,257 [18] INFO ProductMicroservices.Controllers.ProductController - Logger initiated
2022-06-29 11:37:07,258 [18] INFO ProductMicroservices.Controllers.ProductController - Loading all available product
2022-06-29 11:37:08,746 [4] INFO ProductMicroservices.Controllers.ProductController - Logger initiated
2022-06-29 11:37:08,746 [4] INFO ProductMicroservices.Controllers.ProductController - Loading all available product
2022-06-29 11:37:24,665 [4] INFO ProductMicroservices.Controllers.ProductController - Logger initiated
2022-06-29 11:37:24,666 [4] INFO ProductMicroservices.Controllers.ProductController - Loading all available product
2022-06-29 11:39:10,980 [24] INFO ProductMicroservices.Controllers.ProductController - Logger initiated
2022-06-29 11:39:10,981 [24] INFO ProductMicroservices.Controllers.ProductController - Loading all available product
2022-06-29 11:39:19,494 [22] INFO ProductMicroservices.Controllers.ProductController - Logger initiated
2022-06-29 11:39:19,495 [22] INFO ProductMicroservices.Controllers.ProductController - Loading all available product
2022-06-29 11:39:19,586 [23] INFO ProductMicroservices.Controllers.ProductController - Logger initiated
2022-06-29 11:39:19,586 [23] INFO ProductMicroservices.Controllers.ProductController - Loading all available product
2022-06-29 11:39:19,639 [22] INFO ProductMicroservices.Controllers.ProductController - Logger initiated
2022-06-29 11:39:19,639 [22] INFO ProductMicroservices.Controllers.ProductController - Loading all available product
2022-06-29 11:40:02,761 [20] INFO ProductMicroservices.Controllers.ProductController - Logger initiated
2022-06-29 11:40:02,763 [20] INFO ProductMicroservices.Controllers.ProductController - Loading all available product
2022-06-29 11:40:23,237 [27] INFO ProductMicroservices.Controllers.ProductController - Logger initiated
2022-06-29 11:40:23,237 [27] INFO ProductMicroservices.Controllers.ProductController - Loading all available product
2022-06-29 11:40:23,330 [29] INFO ProductMicroservices.Controllers.ProductController - Logger initiated
2022-06-29 11:40:23,356 [29] INFO ProductMicroservices.Controllers.ProductController - Searching product by productName
2022-06-29 11:40:37,328 [31] INFO ProductMicroservices.Controllers.ProductController - Logger initiated
2022-06-29 11:40:37,328 [31] INFO ProductMicroservices.Controllers.ProductController - Loading all available product
2022-06-29 11:40:37,354 [32] INFO ProductMicroservices.Controllers.ProductController - Logger initiated
2022-06-29 11:40:37,357 [32] INFO ProductMicroservices.Controllers.ProductController - Searching product by productName
2022-06-29 11:41:10,673 [20] INFO ProductMicroservices.Controllers.ProductController - Logger initiated
2022-06-29 11:41:10,674 [20] INFO ProductMicroservices.Controllers.ProductController - Loading all available product
2022-06-29 11:41:10,761 [35] INFO ProductMicroservices.Controllers.ProductController - Logger initiated
2022-06-29 11:41:10,763 [35] INFO ProductMicroservices.Controllers.ProductController - Searching product by productId
2022-06-29 22:06:51,535 [1] INFO Microsoft.Hosting.Lifetime - Application started. Press Ctrl+C to shut down.
2022-06-29 22:06:51,677 [1] INFO Microsoft.Hosting.Lifetime - Application started. Press Ctrl+C to shut down.
2022-06-29 22:06:51,681 [1] INFO Microsoft.Hosting.Lifetime - Hosting environment: Development
2022-06-29 22:06:51,681 [1] INFO Microsoft.Hosting.Lifetime - Hosting environment: Development
2022-06-29 22:06:51,681 [1] INFO Microsoft.Hosting.Lifetime - Content root path: C:\Users\bsara\OneDrive\Desktop\CTS_Seminar\Retail-Product-Management-main Final\Retail-Product-Management-main\ProductMicroservices\ProductMicroservices
2022-06-29 22:06:51,681 [1] INFO Microsoft.Hosting.Lifetime - Content root path: C:\Users\bsara\OneDrive\Desktop\CTS_Seminar\Retail-Product-Management-main Final\Retail-Product-Management-main\ProductMicroservices\ProductMicroservices
2022-06-29 22:07:06,424 [4] WARN Microsoft.AspNetCore.HttpsPolicy.HttpsRedirectionMiddleware - Failed to determine the https port for redirect.
2022-06-29 22:07:06,425 [4] WARN Microsoft.AspNetCore.HttpsPolicy.HttpsRedirectionMiddleware - Failed to determine the https port for redirect.
2022-06-29 22:11:37,647 [1] INFO Microsoft.Hosting.Lifetime - Application started. Press Ctrl+C to shut down.
2022-06-29 22:11:37,663 [1] INFO Microsoft.Hosting.Lifetime - Application started. Press Ctrl+C to shut down.
2022-06-29 22:11:37,666 [1] INFO Microsoft.Hosting.Lifetime - Hosting environment: Development
2022-06-29 22:11:37,666 [1] INFO Microsoft.Hosting.Lifetime - Hosting environment: Development
2022-06-29 22:11:37,667 [1] INFO Microsoft.Hosting.Lifetime - Content root path: C:\Users\bsara\OneDrive\Desktop\CTS_Seminar\Retail-Product-Management-main Final\Retail-Product-Management-main\ProductMicroservices\ProductMicroservices
2022-06-29 22:11:37,667 [1] INFO Microsoft.Hosting.Lifetime - Content root path: C:\Users\bsara\OneDrive\Desktop\CTS_Seminar\Retail-Product-Management-main Final\Retail-Product-Management-main\ProductMicroservices\ProductMicroservices
2022-06-29 22:11:44,472 [17] WARN Microsoft.AspNetCore.HttpsPolicy.HttpsRedirectionMiddleware - Failed to determine the https port for redirect.
2022-06-29 22:11:44,473 [17] WARN Microsoft.AspNetCore.HttpsPolicy.HttpsRedirectionMiddleware - Failed to determine the https port for redirect.
2022-06-29 22:11:45,233 [17] INFO ProductMicroservices.Controllers.ProductController - Logger initiated
2022-06-29 22:11:45,275 [17] INFO ProductMicroservices.Controllers.ProductController - Loading all available product
2022-06-30 10:37:26,329 [1] INFO Microsoft.Hosting.Lifetime - Application started. Press Ctrl+C to shut down.
2022-06-30 10:37:26,345 [1] INFO Microsoft.Hosting.Lifetime - Application started. Press Ctrl+C to shut down.
2022-06-30 10:37:26,346 [1] INFO Microsoft.Hosting.Lifetime - Hosting environment: Development
2022-06-30 10:37:26,346 [1] INFO Microsoft.Hosting.Lifetime - Hosting environment: Development
2022-06-30 10:37:26,347 [1] INFO Microsoft.Hosting.Lifetime - Content root path: C:\Users\bsara\OneDrive\Desktop\CTS_Seminar\Retail-Product-Management-main Final\Retail-Product-Management-main\ProductMicroservices\ProductMicroservices
2022-06-30 10:37:26,347 [1] INFO Microsoft.Hosting.Lifetime - Content root path: C:\Users\bsara\OneDrive\Desktop\CTS_Seminar\Retail-Product-Management-main Final\Retail-Product-Management-main\ProductMicroservices\ProductMicroservices
